d:\repos\opengl-renderer\opengl-renderer\x64\release\vc143.pdb
d:\repos\opengl-renderer\opengl-renderer\x64\release\glad.obj
d:\repos\opengl-renderer\opengl-renderer\x64\release\vbo.obj
d:\repos\opengl-renderer\opengl-renderer\x64\release\vao.obj
d:\repos\opengl-renderer\opengl-renderer\x64\release\stb_image.obj
d:\repos\opengl-renderer\opengl-renderer\x64\release\main.obj
d:\repos\opengl-renderer\opengl-renderer\x64\release\shader.obj
d:\repos\opengl-renderer\opengl-renderer\x64\release\ebo.obj
d:\repos\opengl-renderer\opengl-renderer\x64\release\mesh.obj
d:\repos\opengl-renderer\opengl-renderer\x64\release\camera.obj
d:\repos\opengl-renderer\opengl-renderer\x64\release\texture.obj
d:\repos\opengl-renderer\x64\release\opengl-renderer.exe
d:\repos\opengl-renderer\opengl-renderer\x64\release\opengl-renderer.ipdb
d:\repos\opengl-renderer\x64\release\opengl-renderer.pdb
d:\repos\opengl-renderer\opengl-renderer\x64\release\opengl-renderer.iobj
d:\repos\opengl-renderer\opengl-renderer\x64\release\imgui.obj
d:\repos\opengl-renderer\opengl-renderer\x64\release\imgui_demo.obj
d:\repos\opengl-renderer\opengl-renderer\x64\release\imgui_draw.obj
d:\repos\opengl-renderer\opengl-renderer\x64\release\imgui_impl_glfw.obj
d:\repos\opengl-renderer\opengl-renderer\x64\release\imgui_impl_opengl3.obj
d:\repos\opengl-renderer\opengl-renderer\x64\release\imgui_tables.obj
d:\repos\opengl-renderer\opengl-renderer\x64\release\imgui_widgets.obj
d:\repos\opengl-renderer\opengl-renderer\x64\release\opengl-renderer.tlog\cl.command.1.tlog
d:\repos\opengl-renderer\opengl-renderer\x64\release\opengl-renderer.tlog\cl.items.tlog
d:\repos\opengl-renderer\opengl-renderer\x64\release\opengl-renderer.tlog\cl.read.1.tlog
d:\repos\opengl-renderer\opengl-renderer\x64\release\opengl-renderer.tlog\cl.write.1.tlog
d:\repos\opengl-renderer\opengl-renderer\x64\release\opengl-renderer.tlog\link.command.1.tlog
d:\repos\opengl-renderer\opengl-renderer\x64\release\opengl-renderer.tlog\link.read.1.tlog
d:\repos\opengl-renderer\opengl-renderer\x64\release\opengl-renderer.tlog\link.write.1.tlog
