c:\users\wburdick\source\repos\opengl-renderer\opengl-renderer\x64\debug\vc143.pdb
c:\users\wburdick\source\repos\opengl-renderer\opengl-renderer\x64\debug\vc143.idb
c:\users\wburdick\source\repos\opengl-renderer\opengl-renderer\x64\debug\glad.obj
c:\users\wburdick\source\repos\opengl-renderer\opengl-renderer\x64\debug\main.obj
c:\users\wburdick\source\repos\opengl-renderer\opengl-renderer\x64\debug\shader.obj
c:\users\wburdick\source\repos\opengl-renderer\opengl-renderer\x64\debug\camera.obj
c:\users\wburdick\source\repos\opengl-renderer\opengl-renderer\x64\debug\model.obj
c:\users\wburdick\source\repos\opengl-renderer\opengl-renderer\x64\debug\mesh.obj
c:\users\wburdick\source\repos\opengl-renderer\opengl-renderer\x64\debug\scene.obj
c:\users\wburdick\source\repos\opengl-renderer\opengl-renderer\x64\debug\imgui_widgets.obj
c:\users\wburdick\source\repos\opengl-renderer\opengl-renderer\x64\debug\imgui_tables.obj
c:\users\wburdick\source\repos\opengl-renderer\opengl-renderer\x64\debug\imgui_impl_opengl3.obj
c:\users\wburdick\source\repos\opengl-renderer\opengl-renderer\x64\debug\imgui_impl_glfw.obj
c:\users\wburdick\source\repos\opengl-renderer\opengl-renderer\x64\debug\imgui_draw.obj
c:\users\wburdick\source\repos\opengl-renderer\opengl-renderer\x64\debug\imgui_demo.obj
c:\users\wburdick\source\repos\opengl-renderer\opengl-renderer\x64\debug\imgui.obj
c:\users\wburdick\source\repos\opengl-renderer\opengl-renderer\x64\debug\input.obj
c:\users\wburdick\source\repos\opengl-renderer\opengl-renderer\x64\debug\lightingscene.obj
c:\users\wburdick\source\repos\opengl-renderer\opengl-renderer\x64\debug\instancingscene.obj
c:\users\wburdick\source\repos\opengl-renderer\opengl-renderer\x64\debug\postprocessingscene.obj
c:\users\wburdick\source\repos\opengl-renderer\opengl-renderer\x64\debug\alphablendingscene.obj
c:\users\wburdick\source\repos\opengl-renderer\opengl-renderer\x64\debug\normalmappingscene.obj
c:\users\wburdick\source\repos\opengl-renderer\opengl-renderer\x64\debug\dynamicrangescene.obj
c:\users\wburdick\source\repos\opengl-renderer\opengl-renderer\x64\debug\window.obj
c:\users\wburdick\source\repos\opengl-renderer\opengl-renderer\x64\debug\stb_image.obj
c:\users\wburdick\source\repos\opengl-renderer\x64\debug\opengl-renderer.exe
c:\users\wburdick\source\repos\opengl-renderer\opengl-renderer\x64\debug\opengl-renderer.tlog\cl.command.1.tlog
c:\users\wburdick\source\repos\opengl-renderer\opengl-renderer\x64\debug\opengl-renderer.tlog\cl.read.1.tlog
c:\users\wburdick\source\repos\opengl-renderer\opengl-renderer\x64\debug\opengl-renderer.tlog\cl.write.1.tlog
c:\users\wburdick\source\repos\opengl-renderer\opengl-renderer\x64\debug\opengl-renderer.tlog\link.command.1.tlog
c:\users\wburdick\source\repos\opengl-renderer\opengl-renderer\x64\debug\opengl-renderer.tlog\link.read.1.tlog
c:\users\wburdick\source\repos\opengl-renderer\opengl-renderer\x64\debug\opengl-renderer.tlog\link.write.1.tlog
